18:04:12.669 [main] INFO  testCases.TC001_AccountRegistrationTest - **Starting TC001_AccountRegistrationTest****
18:04:34.803 [main] INFO  testCases.TC001_AccountRegistrationTest - Clicked on Myaccount link
18:04:45.969 [main] INFO  testCases.TC001_AccountRegistrationTest - Clicked on Register link
18:04:45.969 [main] INFO  testCases.TC001_AccountRegistrationTest - Providing customer details
18:05:16.488 [main] INFO  testCases.TC001_AccountRegistrationTest - **Starting TC001_AccountRegistrationTest****
18:05:37.817 [main] INFO  testCases.TC001_AccountRegistrationTest - Clicked on Myaccount link
18:05:48.713 [main] INFO  testCases.TC001_AccountRegistrationTest - Clicked on Register link
18:05:48.713 [main] INFO  testCases.TC001_AccountRegistrationTest - Providing customer details
18:07:43.090 [main] INFO  testCases.TC001_AccountRegistrationTest - **Starting TC001_AccountRegistrationTest****
18:08:04.011 [main] INFO  testCases.TC001_AccountRegistrationTest - Clicked on Myaccount link
18:08:14.573 [main] INFO  testCases.TC001_AccountRegistrationTest - Clicked on Register link
18:08:14.573 [main] INFO  testCases.TC001_AccountRegistrationTest - Providing customer details
18:08:54.831 [main] INFO  testCases.TC001_AccountRegistrationTest - Validating expected message
18:40:20.313 [main] INFO  testCases.TC001_AccountRegistrationTest - **Starting TC001_AccountRegistrationTest****
18:40:42.678 [main] INFO  testCases.TC001_AccountRegistrationTest - Clicked on Myaccount link
18:40:57.901 [main] ERROR testCases.TC001_AccountRegistrationTest - Test failed
18:40:57.901 [main] DEBUG testCases.TC001_AccountRegistrationTest - Debug logs
18:41:25.351 [main] INFO  testCases.TC001_AccountRegistrationTest - **Starting TC001_AccountRegistrationTest****
18:41:46.216 [main] INFO  testCases.TC001_AccountRegistrationTest - Clicked on Myaccount link
18:41:56.731 [main] INFO  testCases.TC001_AccountRegistrationTest - Clicked on Register link
18:41:56.731 [main] INFO  testCases.TC001_AccountRegistrationTest - Providing customer details
18:42:18.189 [main] ERROR testCases.TC001_AccountRegistrationTest - Test failed
18:42:18.189 [main] DEBUG testCases.TC001_AccountRegistrationTest - Debug logs
18:42:18.189 [main] INFO  testCases.TC001_AccountRegistrationTest - ***Finished TC0001_AccountRegistrationTEst ***
18:45:15.518 [main] INFO  testCases.TC001_AccountRegistrationTest - **Starting TC001_AccountRegistrationTest****
18:45:34.161 [main] INFO  testCases.TC001_AccountRegistrationTest - **Starting TC001_AccountRegistrationTest****
18:45:55.821 [main] INFO  testCases.TC001_AccountRegistrationTest - Clicked on Myaccount link
18:46:06.524 [main] INFO  testCases.TC001_AccountRegistrationTest - Clicked on Register link
18:46:06.527 [main] INFO  testCases.TC001_AccountRegistrationTest - Providing customer details
18:46:28.038 [main] ERROR testCases.TC001_AccountRegistrationTest - Test failed
18:46:28.038 [main] DEBUG testCases.TC001_AccountRegistrationTest - Debug logs
18:46:28.038 [main] INFO  testCases.TC001_AccountRegistrationTest - ***Finished TC0001_AccountRegistrationTEst ***
18:52:43.088 [main] INFO  testCases.TC001_AccountRegistrationTest - **Starting TC001_AccountRegistrationTest****
18:53:03.996 [main] INFO  testCases.TC001_AccountRegistrationTest - Clicked on Myaccount link
18:53:14.586 [main] INFO  testCases.TC001_AccountRegistrationTest - Clicked on Register link
18:53:14.587 [main] INFO  testCases.TC001_AccountRegistrationTest - Providing customer details
18:53:36.098 [main] ERROR testCases.TC001_AccountRegistrationTest - Test failed
18:53:36.098 [main] DEBUG testCases.TC001_AccountRegistrationTest - Debug logs
18:53:36.098 [main] INFO  testCases.TC001_AccountRegistrationTest - ***Finished TC0001_AccountRegistrationTEst ***
18:54:32.723 [main] INFO  testCases.TC001_AccountRegistrationTest - **Starting TC001_AccountRegistrationTest****
18:54:53.661 [main] INFO  testCases.TC001_AccountRegistrationTest - Clicked on Myaccount link
18:55:04.495 [main] INFO  testCases.TC001_AccountRegistrationTest - Clicked on Register link
18:55:04.497 [main] INFO  testCases.TC001_AccountRegistrationTest - Providing customer details
18:55:07.252 [main] INFO  testCases.TC001_AccountRegistrationTest - **Starting TC001_AccountRegistrationTest****
18:55:26.052 [main] ERROR testCases.TC001_AccountRegistrationTest - Test failed
18:55:26.052 [main] DEBUG testCases.TC001_AccountRegistrationTest - Debug logs
18:55:26.052 [main] INFO  testCases.TC001_AccountRegistrationTest - ***Finished TC0001_AccountRegistrationTEst ***
18:55:29.196 [main] INFO  testCases.TC001_AccountRegistrationTest - Clicked on Myaccount link
18:55:30.409 [main] INFO  testCases.TC001_AccountRegistrationTest - **Starting TC001_AccountRegistrationTest****
18:55:39.889 [main] INFO  testCases.TC001_AccountRegistrationTest - Clicked on Register link
18:55:39.889 [main] INFO  testCases.TC001_AccountRegistrationTest - Providing customer details
18:55:54.683 [main] INFO  testCases.TC001_AccountRegistrationTest - Clicked on Myaccount link
18:56:01.405 [main] ERROR testCases.TC001_AccountRegistrationTest - Test failed
18:56:01.406 [main] DEBUG testCases.TC001_AccountRegistrationTest - Debug logs
18:56:01.406 [main] INFO  testCases.TC001_AccountRegistrationTest - ***Finished TC0001_AccountRegistrationTEst ***
18:56:09.308 [main] ERROR testCases.TC001_AccountRegistrationTest - Test failed
18:56:09.308 [main] DEBUG testCases.TC001_AccountRegistrationTest - Debug logs
18:56:09.308 [main] INFO  testCases.TC001_AccountRegistrationTest - ***Finished TC0001_AccountRegistrationTEst ***
